<?xml version="1.0" encoding="UTF-8"?>
<testsuites>
  <testsuite name="E:\Xampp8.2.12\htdocs\demo_project_cicd\phpunit.xml" tests="6" assertions="7" errors="0" failures="0" skipped="0" time="0.427746">
    <testsuite name="VendorName Test Suite" tests="6" assertions="7" errors="0" failures="0" skipped="0" time="0.427746">
      <testsuite name="UserRegistrationTest" file="E:\Xampp8.2.12\htdocs\demo_project_cicd\tests\UserRegistrationTest.php" tests="5" assertions="6" errors="0" failures="0" skipped="0" time="0.396792">
        <testcase name="testInvalidEmailRegistration" file="E:\Xampp8.2.12\htdocs\demo_project_cicd\tests\UserRegistrationTest.php" line="82" class="UserRegistrationTest" classname="UserRegistrationTest" assertions="1" time="0.073045"/>
        <testcase name="testMissingName" file="E:\Xampp8.2.12\htdocs\demo_project_cicd\tests\UserRegistrationTest.php" line="46" class="UserRegistrationTest" classname="UserRegistrationTest" assertions="1" time="0.004412"/>
        <testcase name="testMissingEmail" file="E:\Xampp8.2.12\htdocs\demo_project_cicd\tests\UserRegistrationTest.php" line="64" class="UserRegistrationTest" classname="UserRegistrationTest" assertions="1" time="0.028642"/>
        <testcase name="testDuplicateEmail" file="E:\Xampp8.2.12\htdocs\demo_project_cicd\tests\UserRegistrationTest.php" line="101" class="UserRegistrationTest" classname="UserRegistrationTest" assertions="2" time="0.168334"/>
        <testcase name="testValidUserRegistration" file="E:\Xampp8.2.12\htdocs\demo_project_cicd\tests\UserRegistrationTest.php" line="27" class="UserRegistrationTest" classname="UserRegistrationTest" assertions="1" time="0.122359"/>
      </testsuite>
      <testsuite name="DatabaseConnectionTest" file="E:\Xampp8.2.12\htdocs\demo_project_cicd\tests\DatabaseConnectionTest.php" tests="1" assertions="1" errors="0" failures="0" skipped="0" time="0.030954">
        <testcase name="testConnection" file="E:\Xampp8.2.12\htdocs\demo_project_cicd\tests\DatabaseConnectionTest.php" line="22" class="DatabaseConnectionTest" classname="DatabaseConnectionTest" assertions="1" time="0.030954"/>
      </testsuite>
    </testsuite>
  </testsuite>
</testsuites>
